{
  "RSpec": {
    "coverage": {
      "/home/alimon/invoice_app/app/helpers/application_helper.rb": {
        "lines": [
          1,
          null
        ],
        "branches": {}
      },
      "/home/alimon/invoice_app/app/helpers/customers_helper.rb": {
        "lines": [
          1,
          null
        ],
        "branches": {}
      },
      "/home/alimon/invoice_app/app/helpers/invoices_helper.rb": {
        "lines": [
          1,
          null
        ],
        "branches": {}
      },
      "/home/alimon/invoice_app/app/channels/application_cable/channel.rb": {
        "lines": [
          1,
          1,
          null,
          null
        ],
        "branches": {}
      },
      "/home/alimon/invoice_app/app/channels/application_cable/connection.rb": {
        "lines": [
          1,
          1,
          null,
          null
        ],
        "branches": {}
      },
      "/home/alimon/invoice_app/app/controllers/application_controller.rb": {
        "lines": [
          1,
          1,
          null,
          1,
          null,
          1,
          null,
          1,
          null,
          1,
          58,
          null,
          null,
          1,
          156,
          null,
          null,
          1,
          92,
          null,
          null,
          1,
          358,
          280,
          279,
          null,
          278,
          null,
          null,
          1,
          170,
          null,
          null,
          1,
          4,
          null,
          null,
          1,
          8,
          null,
          1,
          null,
          null,
          1,
          36,
          null,
          1,
          null,
          null,
          1,
          2,
          null,
          1,
          null,
          null,
          1,
          2,
          null,
          1,
          null,
          null,
          1,
          2,
          null,
          null
        ],
        "branches": {
          "[:if, 0, 15, 4, 15, 97]": {
            "[:then, 1, 15, 4, 15, 66]": 35,
            "[:else, 2, 15, 4, 15, 97]": 121
          },
          "[:unless, 3, 23, 4, 23, 37]": {
            "[:else, 4, 23, 4, 23, 37]": 280,
            "[:then, 5, 23, 4, 23, 14]": 78
          },
          "[:unless, 6, 24, 4, 24, 49]": {
            "[:else, 7, 24, 4, 24, 49]": 279,
            "[:then, 8, 24, 4, 24, 14]": 1
          },
          "[:unless, 9, 25, 4, 25, 42]": {
            "[:else, 10, 25, 4, 25, 42]": 278,
            "[:then, 11, 25, 4, 25, 14]": 1
          },
          "[:if, 12, 39, 4, 39, 34]": {
            "[:then, 13, 39, 4, 39, 10]": 7,
            "[:else, 14, 39, 4, 39, 34]": 1
          },
          "[:if, 15, 45, 4, 45, 36]": {
            "[:then, 16, 45, 4, 45, 10]": 35,
            "[:else, 17, 45, 4, 45, 36]": 1
          },
          "[:if, 18, 51, 4, 51, 35]": {
            "[:then, 19, 51, 4, 51, 10]": 1,
            "[:else, 20, 51, 4, 51, 35]": 1
          },
          "[:\"&.\", 21, 57, 14, 57, 58]": {
            "[:then, 22, 57, 14, 57, 58]": 2,
            "[:else, 23, 57, 14, 57, 58]": 0
          },
          "[:if, 24, 57, 4, 57, 58]": {
            "[:then, 25, 57, 4, 57, 10]": 1,
            "[:else, 26, 57, 4, 57, 58]": 1
          },
          "[:if, 27, 63, 16, 63, 62]": {
            "[:then, 28, 63, 40, 63, 49]": 0,
            "[:else, 29, 63, 52, 63, 62]": 2
          }
        }
      },
      "/home/alimon/invoice_app/app/controllers/home_controller.rb": {
        "lines": [
          1,
          1,
          null,
          null,
          3,
          null,
          null,
          null,
          null,
          null,
          null,
          null,
          null,
          null,
          null,
          null,
          null,
          3,
          3,
          3,
          null,
          null,
          1,
          null,
          1,
          3,
          2,
          1,
          null,
          1,
          1,
          1,
          null,
          null,
          null,
          1,
          3,
          2,
          null,
          1,
          null,
          null
        ],
        "branches": {
          "[:if, 0, 18, 4, 18, 71]": {
            "[:then, 1, 18, 4, 18, 45]": 1,
            "[:else, 2, 18, 4, 18, 71]": 2
          },
          "[:if, 3, 26, 4, 26, 44]": {
            "[:then, 4, 26, 4, 26, 20]": 1,
            "[:else, 5, 26, 4, 26, 44]": 2
          },
          "[:unless, 6, 27, 4, 27, 58]": {
            "[:else, 7, 27, 4, 27, 58]": 1,
            "[:then, 8, 27, 4, 27, 28]": 1
          },
          "[:\"&.\", 9, 28, 32, 28, 56]": {
            "[:then, 10, 28, 32, 28, 56]": 1,
            "[:else, 11, 28, 32, 28, 56]": 0
          },
          "[:if, 12, 28, 4, 28, 63]": {
            "[:then, 13, 28, 4, 28, 28]": 0,
            "[:else, 14, 28, 4, 28, 63]": 1
          },
          "[:\"&.\", 15, 37, 19, 37, 43]": {
            "[:then, 16, 37, 19, 37, 43]": 3,
            "[:else, 17, 37, 19, 37, 43]": 0
          },
          "[:\"&.\", 18, 37, 19, 37, 50]": {
            "[:then, 19, 37, 19, 37, 50]": 3,
            "[:else, 20, 37, 19, 37, 50]": 0
          },
          "[:if, 21, 37, 4, 37, 61]": {
            "[:then, 22, 37, 4, 37, 15]": 1,
            "[:else, 23, 37, 4, 37, 61]": 2
          },
          "[:\"&.\", 24, 38, 19, 38, 49]": {
            "[:then, 25, 38, 19, 38, 49]": 2,
            "[:else, 26, 38, 19, 38, 49]": 0
          },
          "[:if, 27, 38, 4, 38, 56]": {
            "[:then, 28, 38, 4, 38, 15]": 1,
            "[:else, 29, 38, 4, 38, 56]": 1
          }
        }
      },
      "/home/alimon/invoice_app/app/controllers/invoices_controller.rb": {
        "lines": [
          1,
          1,
          null,
          1,
          null,
          1,
          null,
          null,
          null,
          null,
          null,
          null,
          null,
          1,
          1,
          1,
          null,
          1,
          null,
          1,
          1,
          1,
          1,
          1,
          null,
          1,
          1,
          1,
          1,
          1,
          1,
          null,
          null,
          1,
          2,
          2,
          2,
          3,
          null,
          null,
          null,
          1,
          1,
          1,
          1,
          null,
          null,
          1,
          1,
          null,
          null,
          1,
          4,
          4,
          4,
          4,
          null,
          4,
          4,
          4,
          2,
          null,
          4,
          2,
          null,
          null,
          null,
          null,
          1,
          2,
          2,
          2,
          null,
          2,
          2,
          2,
          1,
          null,
          2,
          1,
          null,
          null,
          null,
          null,
          1,
          1,
          1,
          null,
          1,
          2,
          1,
          null,
          null,
          null,
          1,
          2,
          2,
          1,
          1,
          null,
          null,
          1,
          1,
          null,
          null,
          1,
          2,
          2,
          1,
          1,
          null,
          null,
          1,
          null,
          null,
          1,
          null,
          1,
          10,
          null,
          null,
          1,
          7,
          null,
          2,
          null,
          null,
          1,
          7,
          null,
          null,
          1,
          7,
          null,
          null,
          1,
          6,
          null,
          null,
          null,
          null,
          null,
          null,
          null,
          null,
          null,
          1,
          null,
          1,
          null,
          null,
          null,
          null,
          null,
          1,
          1,
          null,
          null,
          null,
          null,
          null,
          1,
          1,
          null,
          null,
          1,
          8,
          8,
          8,
          2,
          2,
          null,
          6,
          1,
          1,
          null,
          null,
          5,
          5,
          5,
          5,
          null,
          5,
          1,
          1,
          null,
          null,
          4,
          2,
          1,
          null,
          null,
          3,
          null,
          null,
          1,
          6,
          2,
          null,
          1,
          null,
          null,
          1,
          8,
          null,
          null,
          1,
          8,
          null,
          null,
          1,
          1,
          1,
          null,
          null,
          1,
          12,
          null,
          null,
          1,
          4,
          null,
          null,
          1,
          1,
          null,
          null,
          1,
          1,
          null,
          null,
          1,
          1,
          1,
          null,
          1,
          1,
          null,
          null,
          null,
          null,
          null,
          1,
          1,
          1,
          1,
          1,
          null,
          null,
          null,
          null,
          1,
          null,
          null
        ],
        "branches": {
          "[:if, 0, 30, 4, 30, 48]": {
            "[:then, 1, 30, 4, 30, 24]": 0,
            "[:else, 2, 30, 4, 30, 48]": 1
          },
          "[:if, 3, 59, 6, 65, 9]": {
            "[:then, 4, 60, 8, 61, 74]": 2,
            "[:else, 5, 63, 8, 64, 67]": 2
          },
          "[:if, 6, 75, 6, 81, 9]": {
            "[:then, 7, 76, 8, 77, 69]": 1,
            "[:else, 8, 79, 8, 80, 67]": 1
          },
          "[:\"&.\", 9, 97, 7, 97, 31]": {
            "[:then, 10, 97, 7, 97, 31]": 2,
            "[:else, 11, 97, 7, 97, 31]": 0
          },
          "[:if, 12, 97, 4, 100, 7]": {
            "[:then, 13, 98, 6, 99, 12]": 1,
            "[:else, 14, 97, 4, 100, 7]": 1
          },
          "[:\"&.\", 15, 108, 7, 108, 31]": {
            "[:then, 16, 108, 7, 108, 31]": 2,
            "[:else, 17, 108, 7, 108, 31]": 0
          },
          "[:if, 18, 108, 4, 111, 7]": {
            "[:then, 19, 109, 6, 110, 12]": 1,
            "[:else, 20, 108, 4, 111, 7]": 1
          },
          "[:unless, 21, 123, 4, 123, 40]": {
            "[:else, 22, 123, 4, 123, 40]": 2,
            "[:then, 23, 123, 4, 123, 10]": 5
          },
          "[:if, 24, 169, 4, 172, 7]": {
            "[:then, 25, 170, 6, 171, 12]": 2,
            "[:else, 26, 169, 4, 172, 7]": 6
          },
          "[:if, 27, 173, 4, 176, 7]": {
            "[:then, 28, 174, 6, 175, 12]": 1,
            "[:else, 29, 173, 4, 176, 7]": 5
          },
          "[:if, 30, 179, 4, 179, 41]": {
            "[:then, 31, 179, 4, 179, 24]": 5,
            "[:else, 32, 179, 4, 179, 41]": 0
          },
          "[:if, 33, 180, 4, 180, 44]": {
            "[:then, 34, 180, 4, 180, 26]": 5,
            "[:else, 35, 180, 4, 180, 44]": 0
          },
          "[:if, 36, 183, 4, 186, 7]": {
            "[:then, 37, 184, 6, 185, 12]": 1,
            "[:else, 38, 183, 4, 186, 7]": 4
          },
          "[:unless, 39, 188, 4, 191, 7]": {
            "[:else, 40, 188, 4, 191, 7]": 3,
            "[:then, 41, 189, 6, 190, 12]": 1
          },
          "[:if, 42, 197, 4, 197, 67]": {
            "[:then, 43, 197, 4, 197, 49]": 4,
            "[:else, 44, 197, 4, 197, 67]": 2
          },
          "[:if, 45, 198, 4, 198, 90]": {
            "[:then, 46, 198, 4, 198, 73]": 1,
            "[:else, 47, 198, 4, 198, 90]": 1
          },
          "[:if, 48, 213, 4, 213, 29]": {
            "[:then, 49, 213, 21, 213, 25]": 0,
            "[:else, 50, 213, 28, 213, 29]": 1
          },
          "[:if, 51, 221, 4, 221, 46]": {
            "[:then, 52, 221, 34, 221, 38]": 4,
            "[:else, 53, 221, 41, 221, 46]": 0
          },
          "[:if, 54, 229, 4, 229, 66]": {
            "[:then, 55, 229, 32, 229, 47]": 1,
            "[:else, 56, 229, 50, 229, 66]": 0
          },
          "[:unless, 57, 234, 4, 234, 38]": {
            "[:else, 58, 234, 4, 234, 38]": 1,
            "[:then, 59, 234, 4, 234, 16]": 0
          }
        }
      },
      "/home/alimon/invoice_app/app/models/invoice.rb": {
        "lines": [
          1,
          1,
          null,
          1,
          1,
          1,
          null,
          1,
          null,
          1,
          39,
          null,
          null,
          1,
          56,
          null,
          27,
          null,
          27,
          25,
          25,
          null,
          2,
          2,
          null,
          null,
          27,
          null,
          null
        ],
        "branches": {
          "[:\"&.\", 0, 11, 4, 11, 22]": {
            "[:then, 1, 11, 4, 11, 22]": 38,
            "[:else, 2, 11, 4, 11, 22]": 1
          },
          "[:if, 3, 19, 4, 25, 7]": {
            "[:then, 4, 20, 6, 21, 44]": 25,
            "[:else, 5, 23, 6, 24, 19]": 2
          }
        }
      },
      "/home/alimon/invoice_app/app/models/application_record.rb": {
        "lines": [
          1,
          1,
          null
        ],
        "branches": {}
      },
      "/home/alimon/invoice_app/app/models/customer.rb": {
        "lines": [
          1,
          1,
          1,
          null
        ],
        "branches": {}
      },
      "/home/alimon/invoice_app/app/jobs/application_job.rb": {
        "lines": [
          1,
          null,
          null,
          null,
          null,
          null,
          null
        ],
        "branches": {}
      },
      "/home/alimon/invoice_app/app/mailers/application_mailer.rb": {
        "lines": [
          1,
          1,
          1,
          null
        ],
        "branches": {}
      },
      "/home/alimon/invoice_app/app/mailers/invoice_mailer.rb": {
        "lines": [
          1,
          1,
          2,
          2,
          null,
          2,
          null,
          null,
          2,
          null,
          null,
          null,
          null,
          null
        ],
        "branches": {}
      },
      "/home/alimon/invoice_app/app/models/company.rb": {
        "lines": [
          1,
          null
        ],
        "branches": {}
      },
      "/home/alimon/invoice_app/app/models/invoice_item.rb": {
        "lines": [
          1,
          1,
          null
        ],
        "branches": {}
      },
      "/home/alimon/invoice_app/app/models/plan_purchase.rb": {
        "lines": [
          1,
          1,
          null,
          1,
          1,
          null,
          1,
          1,
          1,
          1,
          null,
          3,
          2,
          2,
          null,
          1,
          15,
          null,
          null,
          1,
          1,
          null,
          null,
          1,
          2,
          null,
          null,
          1,
          4,
          null,
          null,
          1,
          7,
          null,
          null,
          1,
          3,
          null,
          null,
          1,
          6,
          null,
          null,
          1,
          2,
          2,
          null,
          null,
          null,
          null,
          null,
          null,
          null,
          null,
          2,
          2,
          null,
          null,
          null,
          1,
          3,
          null,
          null,
          null,
          null,
          null,
          null,
          null
        ],
        "branches": {}
      },
      "/home/alimon/invoice_app/app/models/plan.rb": {
        "lines": [
          1,
          1,
          1,
          null,
          1,
          1,
          1,
          1,
          1,
          null,
          4,
          5,
          null,
          1,
          11,
          null,
          null,
          1,
          17,
          14,
          null,
          1,
          null,
          null
        ],
        "branches": {
          "[:if, 0, 19, 4, 19, 48]": {
            "[:then, 1, 19, 4, 19, 18]": 3,
            "[:else, 2, 19, 4, 19, 48]": 14
          },
          "[:if, 3, 20, 4, 20, 44]": {
            "[:then, 4, 20, 4, 20, 20]": 13,
            "[:else, 5, 20, 4, 20, 44]": 1
          }
        }
      },
      "/home/alimon/invoice_app/app/models/user.rb": {
        "lines": [
          1,
          1,
          null,
          1,
          null,
          1,
          1,
          1,
          1,
          null,
          1,
          1,
          1,
          1,
          null,
          1,
          1,
          1,
          1,
          1,
          1,
          null,
          25,
          25,
          4,
          1,
          null,
          1,
          24,
          7,
          null,
          3,
          3,
          null,
          null,
          null,
          1,
          1,
          1,
          null,
          null,
          1,
          8,
          null,
          null,
          1,
          826,
          null,
          null,
          1,
          3,
          3,
          3,
          3,
          3,
          3,
          null,
          null,
          1,
          105,
          null,
          null,
          1,
          null,
          1,
          104,
          null,
          null,
          1,
          103,
          null,
          null,
          1,
          102,
          102,
          null,
          null,
          1,
          3,
          3,
          3,
          null,
          2,
          2,
          null,
          1,
          null,
          null,
          1,
          1,
          1,
          null,
          null,
          1,
          82,
          null,
          81,
          81,
          81,
          81,
          null,
          null,
          1,
          95,
          null,
          null,
          1,
          71,
          null,
          71,
          71,
          null,
          null,
          1,
          null,
          1,
          9,
          9,
          null,
          8,
          8,
          null,
          null,
          1,
          null,
          1,
          8,
          8,
          8,
          null,
          7,
          null,
          null
        ],
        "branches": {
          "[:if, 0, 29, 4, 29, 24]": {
            "[:then, 1, 29, 4, 29, 15]": 17,
            "[:else, 2, 29, 4, 29, 24]": 7
          },
          "[:if, 3, 30, 4, 30, 47]": {
            "[:then, 4, 30, 4, 30, 16]": 4,
            "[:else, 5, 30, 4, 30, 47]": 3
          },
          "[:if, 6, 33, 6, 33, 51]": {
            "[:then, 7, 33, 6, 33, 40]": 1,
            "[:else, 8, 33, 6, 33, 51]": 2
          },
          "[:if, 9, 81, 4, 81, 62]": {
            "[:then, 10, 81, 4, 81, 16]": 1,
            "[:else, 11, 81, 4, 81, 62]": 2
          },
          "[:unless, 12, 95, 4, 95, 22]": {
            "[:else, 13, 95, 4, 95, 22]": 81,
            "[:then, 14, 95, 4, 95, 10]": 1
          },
          "[:if, 15, 100, 20, 100, 58]": {
            "[:then, 16, 100, 30, 100, 38]": 0,
            "[:else, 17, 100, 41, 100, 58]": 0
          },
          "[:unless, 18, 108, 4, 108, 22]": {
            "[:else, 19, 108, 4, 108, 22]": 71,
            "[:then, 20, 108, 4, 108, 10]": 0
          },
          "[:if, 21, 111, 24, 111, 111]": {
            "[:then, 22, 111, 57, 111, 105]": 1,
            "[:else, 23, 111, 108, 111, 111]": 2
          },
          "[:\"&.\", 24, 117, 22, 117, 43]": {
            "[:then, 25, 117, 22, 117, 43]": 9,
            "[:else, 26, 117, 22, 117, 43]": 0
          },
          "[:unless, 27, 118, 4, 118, 47]": {
            "[:else, 28, 118, 4, 118, 47]": 8,
            "[:then, 29, 118, 4, 118, 14]": 1
          },
          "[:if, 30, 128, 4, 128, 39]": {
            "[:then, 31, 128, 4, 128, 14]": 0,
            "[:else, 32, 128, 4, 128, 39]": 8
          },
          "[:if, 33, 129, 4, 129, 49]": {
            "[:then, 34, 129, 4, 129, 14]": 1,
            "[:else, 35, 129, 4, 129, 49]": 7
          }
        }
      },
      "/home/alimon/invoice_app/app/services/invoice_pdf_builder.rb": {
        "lines": [
          1,
          1,
          1,
          1,
          1,
          1,
          null,
          1,
          5,
          5,
          null,
          null,
          1,
          4,
          4,
          4,
          4,
          4,
          4,
          4,
          null,
          null,
          null,
          1,
          null,
          1,
          null,
          1,
          4,
          null,
          null,
          null,
          null,
          null,
          4,
          null,
          null,
          1,
          4,
          4,
          4,
          4,
          null,
          4,
          4,
          4,
          4,
          4,
          4,
          null,
          null,
          1,
          4,
          4,
          4,
          null,
          4,
          4,
          4,
          4,
          4,
          4,
          4,
          4,
          4,
          4,
          4,
          4,
          null,
          null,
          4,
          4,
          4,
          4,
          4,
          4,
          4,
          4,
          4,
          4,
          null,
          null,
          4,
          null,
          null,
          1,
          4,
          null,
          4,
          4,
          4,
          null,
          null,
          4,
          4,
          4,
          4,
          4,
          4,
          null,
          null,
          4,
          null,
          null,
          1,
          4,
          null,
          4,
          3,
          3,
          null,
          1,
          null,
          null,
          4,
          null,
          4,
          4,
          4,
          4,
          4,
          4,
          null,
          null,
          null,
          1,
          4,
          4,
          4,
          4,
          4,
          4,
          4,
          4,
          null,
          null,
          1,
          4,
          null,
          null,
          1,
          22,
          null,
          null
        ],
        "branches": {
          "[:\"&.\", 0, 64, 19, 64, 41]": {
            "[:then, 1, 64, 19, 64, 41]": 4,
            "[:else, 2, 64, 19, 64, 41]": 0
          },
          "[:\"&.\", 3, 66, 29, 66, 52]": {
            "[:then, 4, 66, 29, 66, 52]": 4,
            "[:else, 5, 66, 29, 66, 52]": 0
          },
          "[:\"&.\", 6, 67, 29, 67, 52]": {
            "[:then, 7, 67, 29, 67, 52]": 4,
            "[:else, 8, 67, 29, 67, 52]": 0
          },
          "[:if, 9, 108, 4, 113, 7]": {
            "[:then, 10, 109, 6, 110, 54]": 3,
            "[:else, 11, 112, 6, 112, 44]": 1
          },
          "[:if, 12, 133, 13, 133, 125]": {
            "[:then, 13, 133, 36, 133, 73]": 3,
            "[:else, 14, 133, 76, 133, 125]": 1
          }
        }
      },
      "/home/alimon/invoice_app/app/services/monthly_purchase_report_xlsx.rb": {
        "lines": [
          1,
          1,
          null,
          1,
          1,
          2,
          2,
          2,
          null,
          null,
          1,
          2,
          2,
          2,
          null,
          2,
          2,
          null,
          2,
          2,
          null,
          2,
          2,
          null,
          2,
          2,
          null,
          2,
          2,
          null,
          null,
          2,
          null,
          null,
          1,
          null,
          1,
          null,
          1,
          2,
          null,
          null,
          null,
          null,
          null,
          null,
          null,
          null,
          null,
          null,
          null,
          1,
          2,
          null,
          null,
          null,
          null,
          null,
          null,
          null,
          1,
          2,
          null,
          null,
          null,
          null,
          null,
          null,
          null,
          null,
          null,
          1,
          2,
          null,
          null,
          null,
          null,
          null,
          null,
          null,
          null,
          1,
          2,
          null,
          null,
          null,
          null,
          null,
          null,
          null,
          null,
          null,
          null,
          null,
          null,
          null,
          null,
          null,
          null,
          null,
          null,
          null,
          null,
          null,
          null,
          null,
          null,
          null,
          null,
          null,
          null,
          null,
          null,
          null,
          null,
          null,
          null,
          null,
          1,
          2,
          null,
          null,
          null,
          null,
          null,
          null,
          null,
          null,
          null,
          null,
          null,
          null,
          null,
          null,
          null,
          null,
          null,
          1,
          2,
          2,
          null,
          2,
          2,
          2,
          2,
          null,
          2,
          2,
          2,
          2,
          2,
          2,
          2,
          2,
          2,
          2,
          2,
          2,
          null,
          2,
          2,
          2,
          2,
          null,
          2,
          2,
          null,
          null,
          null,
          null,
          null,
          null,
          2,
          null,
          null,
          2,
          null,
          null,
          1,
          12,
          22,
          22,
          null,
          12,
          null,
          null,
          1,
          10,
          26,
          26,
          16,
          null,
          10,
          null,
          null,
          10,
          null,
          null,
          1,
          48,
          null,
          null,
          1,
          48,
          null,
          null,
          1,
          16,
          null,
          null,
          1,
          32,
          null,
          null
        ],
        "branches": {
          "[:if, 0, 190, 6, 194, 9]": {
            "[:then, 1, 191, 8, 191, 72]": 16,
            "[:else, 2, 193, 8, 193, 88]": 10
          }
        }
      },
      "/home/alimon/invoice_app/app/services/plan_purchase_invoice_pdf_builder.rb": {
        "lines": [
          1,
          1,
          1,
          1,
          1,
          1,
          null,
          1,
          3,
          3,
          null,
          null,
          1,
          3,
          3,
          3,
          3,
          3,
          3,
          3,
          null,
          null,
          null,
          1,
          null,
          1,
          null,
          1,
          3,
          null,
          null,
          null,
          null,
          null,
          3,
          null,
          null,
          1,
          3,
          3,
          3,
          3,
          null,
          3,
          3,
          3,
          3,
          3,
          null,
          null,
          1,
          3,
          3,
          3,
          null,
          3,
          3,
          3,
          3,
          3,
          3,
          3,
          3,
          3,
          3,
          3,
          3,
          3,
          null,
          null,
          3,
          3,
          3,
          3,
          3,
          3,
          3,
          3,
          3,
          3,
          3,
          3,
          3,
          3,
          null,
          null,
          3,
          null,
          null,
          1,
          3,
          3,
          null,
          null,
          null,
          null,
          null,
          null,
          3,
          3,
          3,
          3,
          3,
          3,
          null,
          null,
          3,
          null,
          null,
          1,
          null,
          3,
          null,
          null,
          null,
          null,
          null,
          3,
          3,
          3,
          3,
          3,
          3,
          null,
          null,
          null,
          1,
          3,
          3,
          3,
          3,
          3,
          3,
          3,
          3,
          null,
          null,
          1,
          3,
          null,
          null,
          1,
          9,
          null,
          null
        ],
        "branches": {}
      },
      "/home/alimon/invoice_app/app/services/razorpay_client.rb": {
        "lines": [
          1,
          1,
          1,
          null,
          1,
          1,
          null,
          1,
          null,
          1,
          8,
          null,
          null,
          1,
          5,
          null,
          null,
          1,
          7,
          null,
          null,
          1,
          1,
          null,
          null,
          1,
          5,
          null,
          4,
          null,
          null,
          null,
          null,
          null,
          null,
          null,
          null,
          null,
          null,
          null,
          1,
          2,
          null,
          null,
          null,
          null,
          null,
          2,
          null,
          1,
          null,
          null,
          1,
          null,
          1,
          4,
          4,
          4,
          4,
          4,
          null,
          4,
          3,
          null,
          null,
          3,
          2,
          null,
          1,
          null,
          1,
          null,
          2,
          null,
          1,
          null,
          null
        ],
        "branches": {
          "[:unless, 0, 27, 4, 27, 121]": {
            "[:else, 1, 27, 4, 27, 121]": 4,
            "[:then, 2, 27, 4, 27, 91]": 1
          },
          "[:if, 3, 73, 4, 73, 44]": {
            "[:then, 4, 73, 4, 73, 26]": 1,
            "[:else, 5, 73, 4, 73, 44]": 1
          },
          "[:if, 6, 66, 11, 66, 66]": {
            "[:then, 7, 66, 36, 66, 61]": 3,
            "[:else, 8, 66, 64, 66, 66]": 0
          },
          "[:if, 9, 67, 4, 67, 51]": {
            "[:then, 10, 67, 4, 67, 15]": 1,
            "[:else, 11, 67, 4, 67, 51]": 1
          },
          "[:\"&.\", 12, 69, 17, 69, 50]": {
            "[:then, 13, 69, 17, 69, 50]": 1,
            "[:else, 14, 69, 17, 69, 50]": 0
          }
        }
      },
      "/home/alimon/invoice_app/app/controllers/admin/sessions_controller.rb": {
        "lines": [
          1,
          1,
          1,
          null,
          null,
          1,
          13,
          null,
          13,
          12,
          12,
          12,
          null,
          1,
          1,
          null,
          null,
          null,
          1,
          1,
          1,
          null,
          null,
          null
        ],
        "branches": {
          "[:\"&.\", 0, 9, 9, 9, 55]": {
            "[:then, 1, 9, 9, 9, 55]": 13,
            "[:else, 2, 9, 9, 9, 55]": 0
          },
          "[:if, 3, 9, 6, 16, 9]": {
            "[:then, 4, 10, 8, 12, 71]": 12,
            "[:else, 5, 14, 8, 15, 50]": 1
          }
        }
      },
      "/home/alimon/invoice_app/app/controllers/reports_controller.rb": {
        "lines": [
          1,
          1,
          1,
          null,
          1,
          1,
          1,
          1,
          1,
          null,
          null,
          1,
          1,
          1,
          1,
          null,
          1,
          null,
          null,
          null,
          null,
          null,
          null,
          null,
          null,
          null,
          null,
          null,
          null,
          null,
          null,
          null,
          null,
          1,
          null,
          1,
          2,
          null,
          null,
          null,
          null,
          null,
          null,
          null,
          null,
          null,
          4,
          2,
          2,
          2,
          2,
          2,
          null,
          2,
          6,
          2,
          2,
          2,
          2,
          2,
          null,
          2,
          null,
          null,
          null,
          2,
          null,
          null,
          null,
          null,
          null,
          null,
          2,
          2,
          null,
          null,
          2,
          2,
          null,
          null,
          2,
          null,
          null,
          null,
          null,
          null,
          null,
          null,
          2,
          2,
          null,
          null,
          null,
          2,
          null,
          null,
          null,
          2,
          4,
          null,
          null,
          4,
          null,
          null,
          null,
          null,
          null,
          null,
          2,
          4,
          null,
          null,
          2,
          4,
          null,
          null,
          4,
          null,
          null,
          null,
          null,
          null,
          null,
          null,
          2,
          4,
          null,
          null,
          null,
          4,
          null,
          null,
          null,
          null,
          2,
          null,
          null,
          null,
          null,
          1,
          1,
          null,
          1,
          null,
          null,
          1,
          2,
          null,
          1,
          null,
          null,
          1,
          19,
          null,
          null,
          1,
          19,
          null,
          null,
          1,
          19,
          null,
          null,
          1,
          19,
          null,
          null
        ],
        "branches": {
          "[:if, 0, 47, 4, 47, 119]": {
            "[:then, 1, 47, 4, 47, 91]": 1,
            "[:else, 2, 47, 4, 47, 119]": 1
          }
        }
      },
      "/home/alimon/invoice_app/app/policies/report_policy.rb": {
        "lines": [
          1,
          1,
          1,
          null,
          null,
          1,
          1,
          null,
          null
        ],
        "branches": {}
      },
      "/home/alimon/invoice_app/app/policies/application_policy.rb": {
        "lines": [
          1,
          1,
          null,
          1,
          58,
          58,
          null,
          null,
          1,
          0,
          null,
          null,
          1,
          0,
          null,
          null,
          1,
          0,
          null,
          null,
          1,
          2,
          null,
          null,
          1,
          0,
          null,
          null,
          1,
          2,
          null,
          null,
          1,
          0,
          null,
          null,
          1,
          null,
          1,
          7,
          null,
          null,
          1,
          51,
          null,
          null
        ],
        "branches": {
          "[:\"&.\", 0, 40, 4, 40, 16]": {
            "[:then, 1, 40, 4, 40, 16]": 7,
            "[:else, 2, 40, 4, 40, 16]": 0
          },
          "[:\"&.\", 3, 44, 4, 44, 24]": {
            "[:then, 4, 44, 4, 44, 24]": 42,
            "[:else, 5, 44, 4, 44, 24]": 9
          }
        }
      },
      "/home/alimon/invoice_app/app/controllers/plan_purchases_controller.rb": {
        "lines": [
          1,
          1,
          1,
          1,
          null,
          1,
          1,
          1,
          null,
          null,
          1,
          3,
          2,
          2,
          1,
          null,
          2,
          1,
          null,
          1,
          null,
          null,
          null,
          null,
          1,
          5,
          4,
          1,
          1,
          null,
          null,
          3,
          3,
          3,
          3,
          null,
          3,
          1,
          1,
          1,
          null,
          null,
          2,
          null,
          null,
          null,
          null,
          null,
          2,
          1,
          1,
          null,
          1,
          1,
          null,
          null,
          null,
          1,
          1,
          1,
          null,
          1,
          null,
          null,
          1,
          null,
          1,
          11,
          null,
          1,
          null,
          null,
          1,
          9,
          7,
          null,
          2,
          null,
          null,
          null,
          1,
          2,
          null,
          0,
          0,
          null,
          null,
          1,
          1,
          1,
          null,
          1,
          null,
          null,
          1,
          null,
          1,
          null,
          null,
          null,
          null,
          null,
          null,
          null,
          null,
          null,
          null,
          null,
          null,
          null,
          null,
          null,
          null,
          null,
          null,
          null,
          null,
          null,
          1,
          2,
          null,
          null,
          null,
          null,
          null,
          1,
          2,
          null,
          null,
          1,
          2,
          null,
          0,
          null,
          null
        ],
        "branches": {
          "[:if, 0, 15, 8, 15, 62]": {
            "[:then, 1, 15, 8, 15, 44]": 1,
            "[:else, 2, 15, 8, 15, 62]": 0
          },
          "[:unless, 3, 18, 8, 18, 54]": {
            "[:else, 4, 18, 8, 18, 54]": 1,
            "[:then, 5, 18, 8, 18, 14]": 0
          },
          "[:if, 6, 27, 4, 30, 7]": {
            "[:then, 7, 28, 6, 29, 12]": 1,
            "[:else, 8, 27, 4, 30, 7]": 3
          },
          "[:if, 9, 37, 4, 41, 7]": {
            "[:then, 10, 38, 6, 40, 12]": 1,
            "[:else, 11, 37, 4, 41, 7]": 2
          },
          "[:if, 12, 49, 4, 55, 7]": {
            "[:then, 13, 50, 6, 51, 108]": 1,
            "[:else, 14, 53, 6, 54, 117]": 1
          },
          "[:unless, 15, 60, 4, 60, 50]": {
            "[:else, 16, 60, 4, 60, 50]": 1,
            "[:then, 17, 60, 4, 60, 10]": 0
          },
          "[:unless, 18, 68, 4, 68, 38]": {
            "[:else, 19, 68, 4, 68, 38]": 1,
            "[:then, 20, 68, 4, 68, 10]": 10
          },
          "[:if, 21, 74, 21, 78, 7]": {
            "[:then, 22, 75, 6, 75, 82]": 7,
            "[:else, 23, 77, 6, 77, 59]": 2
          },
          "[:if, 24, 82, 4, 82, 94]": {
            "[:then, 25, 82, 4, 82, 15]": 2,
            "[:else, 26, 82, 4, 82, 94]": 0
          },
          "[:if, 27, 89, 4, 89, 40]": {
            "[:then, 28, 89, 4, 89, 16]": 0,
            "[:else, 29, 89, 4, 89, 40]": 1
          },
          "[:unless, 30, 90, 4, 90, 56]": {
            "[:else, 31, 90, 4, 90, 56]": 1,
            "[:then, 32, 90, 4, 90, 16]": 0
          },
          "[:if, 33, 131, 4, 131, 56]": {
            "[:then, 34, 131, 4, 131, 30]": 2,
            "[:else, 35, 131, 4, 131, 56]": 0
          }
        }
      },
      "/home/alimon/invoice_app/app/policies/plan_purchase_policy.rb": {
        "lines": [
          1,
          1,
          1,
          null,
          null,
          1,
          3,
          null,
          null,
          1,
          5,
          null,
          null,
          1,
          1,
          null,
          null,
          1,
          null,
          1,
          9,
          null,
          null
        ],
        "branches": {}
      },
      "/home/alimon/invoice_app/app/controllers/users/sessions_controller.rb": {
        "lines": [
          1,
          1,
          1,
          4,
          null,
          4,
          1,
          1,
          1,
          1,
          null,
          null,
          3,
          1,
          1,
          1,
          1,
          null,
          null,
          2,
          2,
          null,
          1,
          1,
          1,
          null,
          null,
          null
        ],
        "branches": {
          "[:\"&.\", 0, 6, 13, 6, 33]": {
            "[:then, 1, 6, 13, 6, 33]": 4,
            "[:else, 2, 6, 13, 6, 33]": 0
          },
          "[:unless, 3, 6, 6, 11, 9]": {
            "[:else, 4, 6, 6, 11, 9]": 3,
            "[:then, 5, 7, 8, 10, 57]": 1
          },
          "[:unless, 6, 13, 6, 18, 9]": {
            "[:else, 7, 13, 6, 18, 9]": 2,
            "[:then, 8, 14, 8, 17, 57]": 1
          },
          "[:if, 9, 21, 6, 21, 81]": {
            "[:then, 10, 21, 6, 21, 18]": 1,
            "[:else, 11, 21, 6, 21, 81]": 1
          }
        }
      },
      "/home/alimon/invoice_app/app/controllers/admin/plans_controller.rb": {
        "lines": [
          1,
          1,
          1,
          null,
          1,
          1,
          1,
          1,
          null,
          null,
          1,
          2,
          2,
          2,
          null,
          2,
          1,
          null,
          1,
          null,
          null,
          null,
          1,
          1,
          null,
          null,
          1,
          2,
          null,
          2,
          1,
          null,
          1,
          null,
          null,
          null,
          1,
          null,
          1,
          3,
          null,
          null,
          1,
          4,
          null,
          null,
          null
        ],
        "branches": {
          "[:if, 0, 16, 6, 20, 9]": {
            "[:then, 1, 17, 8, 17, 74]": 1,
            "[:else, 2, 19, 8, 19, 52]": 1
          },
          "[:if, 3, 30, 6, 34, 9]": {
            "[:then, 4, 31, 8, 31, 74]": 1,
            "[:else, 5, 33, 8, 33, 51]": 1
          }
        }
      },
      "/home/alimon/invoice_app/app/controllers/admin/base_controller.rb": {
        "lines": [
          1,
          1,
          1,
          null,
          null
        ],
        "branches": {}
      },
      "/home/alimon/invoice_app/app/policies/plan_policy.rb": {
        "lines": [
          1,
          1,
          1,
          null,
          null,
          1,
          2,
          null,
          null,
          1,
          3,
          null,
          null,
          1,
          1,
          null,
          null,
          1,
          11,
          11,
          4,
          4,
          4,
          4,
          4,
          null,
          4,
          null,
          null
        ],
        "branches": {
          "[:unless, 0, 19, 4, 19, 51]": {
            "[:else, 1, 19, 4, 19, 51]": 11,
            "[:then, 2, 19, 4, 19, 16]": 0
          },
          "[:if, 3, 20, 4, 20, 28]": {
            "[:then, 4, 20, 4, 20, 15]": 7,
            "[:else, 5, 20, 4, 20, 28]": 4
          },
          "[:unless, 6, 21, 4, 21, 36]": {
            "[:else, 7, 21, 4, 21, 36]": 4,
            "[:then, 8, 21, 4, 21, 16]": 0
          },
          "[:if, 9, 22, 4, 22, 35]": {
            "[:then, 10, 22, 4, 22, 15]": 0,
            "[:else, 11, 22, 4, 22, 35]": 4
          },
          "[:if, 12, 23, 4, 23, 60]": {
            "[:then, 13, 23, 4, 23, 15]": 0,
            "[:else, 14, 23, 4, 23, 60]": 4
          },
          "[:if, 15, 24, 4, 24, 45]": {
            "[:then, 16, 24, 4, 24, 15]": 0,
            "[:else, 17, 24, 4, 24, 45]": 4
          },
          "[:if, 18, 25, 4, 25, 41]": {
            "[:then, 19, 25, 4, 25, 15]": 0,
            "[:else, 20, 25, 4, 25, 41]": 4
          }
        }
      },
      "/home/alimon/invoice_app/app/controllers/admin/accounts_controller.rb": {
        "lines": [
          1,
          1,
          1,
          1,
          1,
          null,
          null,
          null
        ],
        "branches": {}
      },
      "/home/alimon/invoice_app/app/policies/user_policy.rb": {
        "lines": [
          1,
          1,
          1,
          null,
          null,
          1,
          3,
          null,
          null
        ],
        "branches": {}
      },
      "/home/alimon/invoice_app/app/controllers/account_settings_controller.rb": {
        "lines": [
          1,
          1,
          null,
          1,
          1,
          1,
          null,
          null,
          1,
          2,
          2,
          null,
          2,
          1,
          null,
          1,
          null,
          null,
          null,
          1,
          null,
          1,
          2,
          null,
          null
        ],
        "branches": {
          "[:if, 0, 13, 4, 17, 7]": {
            "[:then, 1, 14, 6, 14, 81]": 1,
            "[:else, 2, 16, 6, 16, 49]": 1
          }
        }
      },
      "/home/alimon/invoice_app/app/controllers/users/passwords_controller.rb": {
        "lines": [
          1,
          1,
          1,
          2,
          2,
          null,
          2,
          1,
          null,
          null,
          2,
          null,
          null,
          null
        ],
        "branches": {
          "[:if, 0, 7, 6, 9, 9]": {
            "[:then, 1, 8, 8, 8, 45]": 1,
            "[:else, 2, 7, 6, 9, 9]": 1
          }
        }
      },
      "/home/alimon/invoice_app/app/policies/invoice_policy.rb": {
        "lines": [
          1,
          1,
          1,
          null,
          null,
          1,
          2,
          null,
          null,
          1,
          5,
          null,
          null,
          1,
          3,
          null,
          null,
          1,
          1,
          null,
          null,
          1,
          2,
          null,
          null,
          1,
          2,
          null,
          null,
          1,
          null,
          1,
          10,
          null,
          null
        ],
        "branches": {}
      },
      "/home/alimon/invoice_app/app/controllers/pages_controller.rb": {
        "lines": [
          1,
          1,
          null,
          null,
          1,
          null,
          null
        ],
        "branches": {}
      },
      "/home/alimon/invoice_app/app/controllers/registrations_controller.rb": {
        "lines": [
          1,
          1,
          null,
          1,
          1,
          1,
          null,
          1,
          1,
          1,
          null,
          null,
          1,
          10,
          10,
          10,
          10,
          null,
          10,
          3,
          null,
          7,
          null,
          null,
          null,
          1,
          null,
          1,
          13,
          null,
          1,
          null,
          null,
          1,
          12,
          null,
          null,
          1,
          11,
          null,
          7,
          null,
          null,
          1,
          10,
          10,
          10,
          null,
          null,
          1,
          3,
          3,
          3,
          null,
          3,
          2,
          null,
          1,
          null,
          null,
          null,
          1,
          7,
          1,
          1,
          1,
          null,
          null,
          6,
          3,
          null,
          3,
          null,
          null,
          null,
          1,
          3,
          3,
          2,
          null,
          null,
          1,
          null,
          1,
          null,
          1,
          1,
          null,
          null,
          1,
          3,
          3,
          3,
          null,
          3,
          3,
          2,
          null,
          null,
          1,
          null,
          1,
          null,
          1,
          1,
          null,
          null,
          1,
          4,
          4,
          null,
          null,
          null,
          null,
          null,
          null,
          null,
          null,
          null,
          null,
          2,
          null,
          null,
          null,
          null,
          null,
          null,
          null,
          null,
          null,
          null,
          null,
          1,
          5,
          null,
          1,
          null,
          null,
          1,
          5,
          5,
          null,
          5,
          null,
          null,
          1,
          5,
          5,
          null,
          5,
          null,
          null,
          1,
          2,
          null,
          1,
          null,
          null
        ],
        "branches": {
          "[:if, 0, 19, 4, 23, 7]": {
            "[:then, 1, 20, 6, 20, 32]": 3,
            "[:else, 2, 22, 6, 22, 30]": 7
          },
          "[:unless, 3, 29, 4, 29, 38]": {
            "[:else, 4, 29, 4, 29, 38]": 1,
            "[:then, 5, 29, 4, 29, 10]": 12
          },
          "[:if, 6, 39, 4, 39, 57]": {
            "[:then, 7, 39, 4, 39, 31]": 4,
            "[:else, 8, 39, 4, 39, 57]": 7
          },
          "[:if, 9, 46, 4, 46, 94]": {
            "[:then, 10, 46, 4, 46, 26]": 10,
            "[:else, 11, 46, 4, 46, 94]": 0
          },
          "[:if, 12, 55, 4, 59, 7]": {
            "[:then, 13, 56, 6, 56, 115]": 2,
            "[:else, 14, 58, 6, 58, 48]": 1
          },
          "[:if, 15, 56, 18, 56, 75]": {
            "[:then, 16, 56, 43, 56, 62]": 1,
            "[:else, 17, 56, 65, 56, 75]": 1
          },
          "[:unless, 18, 63, 4, 67, 7]": {
            "[:else, 19, 63, 4, 67, 7]": 6,
            "[:then, 20, 64, 6, 66, 12]": 1
          },
          "[:if, 21, 69, 4, 73, 7]": {
            "[:then, 22, 70, 6, 70, 46]": 3,
            "[:else, 23, 72, 6, 72, 41]": 3
          },
          "[:if, 24, 78, 6, 78, 35]": {
            "[:then, 25, 78, 6, 78, 17]": 3,
            "[:else, 26, 78, 6, 78, 35]": 0
          },
          "[:if, 27, 134, 4, 134, 46]": {
            "[:then, 28, 134, 4, 134, 10]": 4,
            "[:else, 29, 134, 4, 134, 46]": 1
          },
          "[:if, 30, 140, 4, 140, 51]": {
            "[:then, 31, 140, 4, 140, 15]": 0,
            "[:else, 32, 140, 4, 140, 51]": 5
          },
          "[:if, 33, 141, 4, 141, 75]": {
            "[:then, 34, 141, 4, 141, 15]": 0,
            "[:else, 35, 141, 4, 141, 75]": 5
          },
          "[:if, 36, 147, 4, 147, 61]": {
            "[:then, 37, 147, 4, 147, 15]": 0,
            "[:else, 38, 147, 4, 147, 61]": 5
          },
          "[:if, 39, 148, 4, 148, 57]": {
            "[:then, 40, 148, 4, 148, 15]": 0,
            "[:else, 41, 148, 4, 148, 57]": 5
          },
          "[:if, 42, 154, 4, 154, 108]": {
            "[:then, 43, 154, 4, 154, 82]": 1,
            "[:else, 44, 154, 4, 154, 108]": 1
          }
        }
      },
      "/home/alimon/invoice_app/app/controllers/customers_controller.rb": {
        "lines": [
          1,
          1,
          1,
          null,
          1,
          1,
          1,
          null,
          null,
          1,
          1,
          null,
          null,
          1,
          1,
          1,
          null,
          null,
          1,
          1,
          null,
          null,
          1,
          2,
          2,
          null,
          2,
          null,
          1,
          null,
          null,
          1,
          2,
          2,
          null,
          1,
          null,
          null,
          1,
          1,
          1,
          null,
          1,
          2,
          1,
          null,
          null,
          null,
          1,
          null,
          1,
          5,
          null,
          null,
          1,
          4,
          null,
          null,
          1,
          1,
          2,
          1,
          null,
          null,
          null,
          1,
          1,
          2,
          1,
          null,
          null,
          null,
          1,
          2,
          4,
          2,
          null,
          null,
          null
        ],
        "branches": {
          "[:if, 0, 27, 4, 27, 50]": {
            "[:then, 1, 27, 4, 27, 32]": 1,
            "[:else, 2, 27, 4, 27, 50]": 1
          },
          "[:if, 3, 34, 4, 34, 69]": {
            "[:then, 4, 34, 4, 34, 32]": 1,
            "[:else, 5, 34, 4, 34, 69]": 1
          }
        }
      },
      "/home/alimon/invoice_app/app/policies/customer_policy.rb": {
        "lines": [
          1,
          1,
          1,
          null,
          null,
          1,
          1,
          null,
          null,
          1,
          3,
          null,
          null,
          1,
          3,
          null,
          null,
          1,
          1,
          null,
          null,
          1,
          null,
          1,
          5,
          null,
          null
        ],
        "branches": {}
      },
      "/home/alimon/invoice_app/app/services/application_service.rb": {
        "lines": [
          0,
          0,
          0,
          0,
          0
        ],
        "branches": {}
      }
    },
    "timestamp": 1774423017
  }
}
